WARNING - 2026-05-13 15:45:15 --> [DEPRECATED] Passing lowercase HTTP method "get" is deprecated. Use uppercase HTTP method like "GET". in SYSTEMPATH\Router\RouteCollection.php on line 1026.
 1 SYSTEMPATH\Router\RouteCollection.php(1026): trigger_error('Passing lowercase HTTP method "get" is deprecated. Use uppercase HTTP method like "GET".', 16384)
 2 APPPATH\Config\Routes.php(19): CodeIgniter\Router\RouteCollection->match([...], 'familia/(:segment)', 'FamilyPortalController::login/$1')
 3 SYSTEMPATH\Router\RouteCollection.php(339): require('C:\\laragon\\www\\ci\\app\\Config\\Routes.php')
 4 SYSTEMPATH\Test\bootstrap.php(90): CodeIgniter\Router\RouteCollection->loadRoutes()
 5 VENDORPATH\phpunit\phpunit\src\TextUI\Application.php(352): include_once('C:\\laragon\\www\\ci\\system\\Test\\bootstrap.php')
 6 VENDORPATH\phpunit\phpunit\src\TextUI\Application.php(122): PHPUnit\TextUI\Application->loadBootstrapScript('C:\\laragon\\www\\ci\\system/Test/bootstrap.php')
 7 VENDORPATH\phpunit\phpunit\phpunit(104): PHPUnit\TextUI\Application->run([...])
 8 VENDORPATH\bin\phpunit(122): include('C:\\laragon\\www\\ci\\vendor\\phpunit\\phpunit\\phpunit')
WARNING - 2026-05-13 15:45:15 --> [DEPRECATED] Passing lowercase HTTP method "post" is deprecated. Use uppercase HTTP method like "POST". in SYSTEMPATH\Router\RouteCollection.php on line 1026.
 1 SYSTEMPATH\Router\RouteCollection.php(1026): trigger_error('Passing lowercase HTTP method "post" is deprecated. Use uppercase HTTP method like "POST".', 16384)
 2 APPPATH\Config\Routes.php(19): CodeIgniter\Router\RouteCollection->match([...], 'familia/(:segment)', 'FamilyPortalController::login/$1')
 3 SYSTEMPATH\Router\RouteCollection.php(339): require('C:\\laragon\\www\\ci\\app\\Config\\Routes.php')
 4 SYSTEMPATH\Test\bootstrap.php(90): CodeIgniter\Router\RouteCollection->loadRoutes()
 5 VENDORPATH\phpunit\phpunit\src\TextUI\Application.php(352): include_once('C:\\laragon\\www\\ci\\system\\Test\\bootstrap.php')
 6 VENDORPATH\phpunit\phpunit\src\TextUI\Application.php(122): PHPUnit\TextUI\Application->loadBootstrapScript('C:\\laragon\\www\\ci\\system/Test/bootstrap.php')
 7 VENDORPATH\phpunit\phpunit\phpunit(104): PHPUnit\TextUI\Application->run([...])
 8 VENDORPATH\bin\phpunit(122): include('C:\\laragon\\www\\ci\\vendor\\phpunit\\phpunit\\phpunit')
WARNING - 2026-05-13 16:07:51 --> [DEPRECATED] Passing lowercase HTTP method "get" is deprecated. Use uppercase HTTP method like "GET". in SYSTEMPATH\Router\RouteCollection.php on line 1026.
 1 SYSTEMPATH\Router\RouteCollection.php(1026): trigger_error('Passing lowercase HTTP method "get" is deprecated. Use uppercase HTTP method like "GET".', 16384)
 2 APPPATH\Config\Routes.php(19): CodeIgniter\Router\RouteCollection->match([...], 'familia/(:segment)', 'FamilyPortalController::login/$1')
 3 SYSTEMPATH\Router\RouteCollection.php(339): require('C:\\laragon\\www\\ci\\app\\Config\\Routes.php')
 4 SYSTEMPATH\Test\bootstrap.php(90): CodeIgniter\Router\RouteCollection->loadRoutes()
 5 VENDORPATH\phpunit\phpunit\src\TextUI\Application.php(352): include_once('C:\\laragon\\www\\ci\\system\\Test\\bootstrap.php')
 6 VENDORPATH\phpunit\phpunit\src\TextUI\Application.php(122): PHPUnit\TextUI\Application->loadBootstrapScript('C:\\laragon\\www\\ci\\system/Test/bootstrap.php')
 7 VENDORPATH\phpunit\phpunit\phpunit(104): PHPUnit\TextUI\Application->run([...])
 8 VENDORPATH\bin\phpunit(122): include('C:\\laragon\\www\\ci\\vendor\\phpunit\\phpunit\\phpunit')
WARNING - 2026-05-13 16:07:51 --> [DEPRECATED] Passing lowercase HTTP method "post" is deprecated. Use uppercase HTTP method like "POST". in SYSTEMPATH\Router\RouteCollection.php on line 1026.
 1 SYSTEMPATH\Router\RouteCollection.php(1026): trigger_error('Passing lowercase HTTP method "post" is deprecated. Use uppercase HTTP method like "POST".', 16384)
 2 APPPATH\Config\Routes.php(19): CodeIgniter\Router\RouteCollection->match([...], 'familia/(:segment)', 'FamilyPortalController::login/$1')
 3 SYSTEMPATH\Router\RouteCollection.php(339): require('C:\\laragon\\www\\ci\\app\\Config\\Routes.php')
 4 SYSTEMPATH\Test\bootstrap.php(90): CodeIgniter\Router\RouteCollection->loadRoutes()
 5 VENDORPATH\phpunit\phpunit\src\TextUI\Application.php(352): include_once('C:\\laragon\\www\\ci\\system\\Test\\bootstrap.php')
 6 VENDORPATH\phpunit\phpunit\src\TextUI\Application.php(122): PHPUnit\TextUI\Application->loadBootstrapScript('C:\\laragon\\www\\ci\\system/Test/bootstrap.php')
 7 VENDORPATH\phpunit\phpunit\phpunit(104): PHPUnit\TextUI\Application->run([...])
 8 VENDORPATH\bin\phpunit(122): include('C:\\laragon\\www\\ci\\vendor\\phpunit\\phpunit\\phpunit')
WARNING - 2026-05-13 16:42:55 --> [DEPRECATED] Passing lowercase HTTP method "get" is deprecated. Use uppercase HTTP method like "GET". in SYSTEMPATH\Router\RouteCollection.php on line 1026.
 1 SYSTEMPATH\Router\RouteCollection.php(1026): trigger_error('Passing lowercase HTTP method "get" is deprecated. Use uppercase HTTP method like "GET".', 16384)
 2 APPPATH\Config\Routes.php(19): CodeIgniter\Router\RouteCollection->match([...], 'familia/(:segment)', 'FamilyPortalController::login/$1')
 3 SYSTEMPATH\Router\RouteCollection.php(339): require('C:\\laragon\\www\\ci\\app\\Config\\Routes.php')
 4 SYSTEMPATH\Test\bootstrap.php(90): CodeIgniter\Router\RouteCollection->loadRoutes()
 5 VENDORPATH\phpunit\phpunit\src\TextUI\Application.php(352): include_once('C:\\laragon\\www\\ci\\system\\Test\\bootstrap.php')
 6 VENDORPATH\phpunit\phpunit\src\TextUI\Application.php(122): PHPUnit\TextUI\Application->loadBootstrapScript('C:\\laragon\\www\\ci\\system/Test/bootstrap.php')
 7 VENDORPATH\phpunit\phpunit\phpunit(104): PHPUnit\TextUI\Application->run([...])
 8 VENDORPATH\bin\phpunit(122): include('C:\\laragon\\www\\ci\\vendor\\phpunit\\phpunit\\phpunit')
WARNING - 2026-05-13 16:42:55 --> [DEPRECATED] Passing lowercase HTTP method "post" is deprecated. Use uppercase HTTP method like "POST". in SYSTEMPATH\Router\RouteCollection.php on line 1026.
 1 SYSTEMPATH\Router\RouteCollection.php(1026): trigger_error('Passing lowercase HTTP method "post" is deprecated. Use uppercase HTTP method like "POST".', 16384)
 2 APPPATH\Config\Routes.php(19): CodeIgniter\Router\RouteCollection->match([...], 'familia/(:segment)', 'FamilyPortalController::login/$1')
 3 SYSTEMPATH\Router\RouteCollection.php(339): require('C:\\laragon\\www\\ci\\app\\Config\\Routes.php')
 4 SYSTEMPATH\Test\bootstrap.php(90): CodeIgniter\Router\RouteCollection->loadRoutes()
 5 VENDORPATH\phpunit\phpunit\src\TextUI\Application.php(352): include_once('C:\\laragon\\www\\ci\\system\\Test\\bootstrap.php')
 6 VENDORPATH\phpunit\phpunit\src\TextUI\Application.php(122): PHPUnit\TextUI\Application->loadBootstrapScript('C:\\laragon\\www\\ci\\system/Test/bootstrap.php')
 7 VENDORPATH\phpunit\phpunit\phpunit(104): PHPUnit\TextUI\Application->run([...])
 8 VENDORPATH\bin\phpunit(122): include('C:\\laragon\\www\\ci\\vendor\\phpunit\\phpunit\\phpunit')
WARNING - 2026-05-13 16:51:09 --> [DEPRECATED] Passing lowercase HTTP method "get" is deprecated. Use uppercase HTTP method like "GET". in SYSTEMPATH\Router\RouteCollection.php on line 1026.
 1 SYSTEMPATH\Router\RouteCollection.php(1026): trigger_error('Passing lowercase HTTP method "get" is deprecated. Use uppercase HTTP method like "GET".', 16384)
 2 APPPATH\Config\Routes.php(19): CodeIgniter\Router\RouteCollection->match([...], 'familia/(:segment)', 'FamilyPortalController::login/$1')
 3 SYSTEMPATH\Router\RouteCollection.php(339): require('C:\\laragon\\www\\ci\\app\\Config\\Routes.php')
 4 SYSTEMPATH\Test\bootstrap.php(90): CodeIgniter\Router\RouteCollection->loadRoutes()
 5 VENDORPATH\phpunit\phpunit\src\TextUI\Application.php(352): include_once('C:\\laragon\\www\\ci\\system\\Test\\bootstrap.php')
 6 VENDORPATH\phpunit\phpunit\src\TextUI\Application.php(122): PHPUnit\TextUI\Application->loadBootstrapScript('C:\\laragon\\www\\ci\\system/Test/bootstrap.php')
 7 VENDORPATH\phpunit\phpunit\phpunit(104): PHPUnit\TextUI\Application->run([...])
 8 VENDORPATH\bin\phpunit(122): include('C:\\laragon\\www\\ci\\vendor\\phpunit\\phpunit\\phpunit')
WARNING - 2026-05-13 16:51:09 --> [DEPRECATED] Passing lowercase HTTP method "post" is deprecated. Use uppercase HTTP method like "POST". in SYSTEMPATH\Router\RouteCollection.php on line 1026.
 1 SYSTEMPATH\Router\RouteCollection.php(1026): trigger_error('Passing lowercase HTTP method "post" is deprecated. Use uppercase HTTP method like "POST".', 16384)
 2 APPPATH\Config\Routes.php(19): CodeIgniter\Router\RouteCollection->match([...], 'familia/(:segment)', 'FamilyPortalController::login/$1')
 3 SYSTEMPATH\Router\RouteCollection.php(339): require('C:\\laragon\\www\\ci\\app\\Config\\Routes.php')
 4 SYSTEMPATH\Test\bootstrap.php(90): CodeIgniter\Router\RouteCollection->loadRoutes()
 5 VENDORPATH\phpunit\phpunit\src\TextUI\Application.php(352): include_once('C:\\laragon\\www\\ci\\system\\Test\\bootstrap.php')
 6 VENDORPATH\phpunit\phpunit\src\TextUI\Application.php(122): PHPUnit\TextUI\Application->loadBootstrapScript('C:\\laragon\\www\\ci\\system/Test/bootstrap.php')
 7 VENDORPATH\phpunit\phpunit\phpunit(104): PHPUnit\TextUI\Application->run([...])
 8 VENDORPATH\bin\phpunit(122): include('C:\\laragon\\www\\ci\\vendor\\phpunit\\phpunit\\phpunit')
WARNING - 2026-05-13 17:05:43 --> [DEPRECATED] Passing lowercase HTTP method "get" is deprecated. Use uppercase HTTP method like "GET". in SYSTEMPATH\Router\RouteCollection.php on line 1026.
 1 SYSTEMPATH\Router\RouteCollection.php(1026): trigger_error('Passing lowercase HTTP method "get" is deprecated. Use uppercase HTTP method like "GET".', 16384)
 2 APPPATH\Config\Routes.php(19): CodeIgniter\Router\RouteCollection->match([...], 'familia/(:segment)', 'FamilyPortalController::login/$1')
 3 SYSTEMPATH\Router\RouteCollection.php(339): require('C:\\laragon\\www\\ci\\app\\Config\\Routes.php')
 4 SYSTEMPATH\Test\bootstrap.php(90): CodeIgniter\Router\RouteCollection->loadRoutes()
 5 VENDORPATH\phpunit\phpunit\src\TextUI\Application.php(352): include_once('C:\\laragon\\www\\ci\\system\\Test\\bootstrap.php')
 6 VENDORPATH\phpunit\phpunit\src\TextUI\Application.php(122): PHPUnit\TextUI\Application->loadBootstrapScript('C:\\laragon\\www\\ci\\system/Test/bootstrap.php')
 7 VENDORPATH\phpunit\phpunit\phpunit(104): PHPUnit\TextUI\Application->run([...])
 8 VENDORPATH\bin\phpunit(122): include('C:\\laragon\\www\\ci\\vendor\\phpunit\\phpunit\\phpunit')
WARNING - 2026-05-13 17:05:43 --> [DEPRECATED] Passing lowercase HTTP method "post" is deprecated. Use uppercase HTTP method like "POST". in SYSTEMPATH\Router\RouteCollection.php on line 1026.
 1 SYSTEMPATH\Router\RouteCollection.php(1026): trigger_error('Passing lowercase HTTP method "post" is deprecated. Use uppercase HTTP method like "POST".', 16384)
 2 APPPATH\Config\Routes.php(19): CodeIgniter\Router\RouteCollection->match([...], 'familia/(:segment)', 'FamilyPortalController::login/$1')
 3 SYSTEMPATH\Router\RouteCollection.php(339): require('C:\\laragon\\www\\ci\\app\\Config\\Routes.php')
 4 SYSTEMPATH\Test\bootstrap.php(90): CodeIgniter\Router\RouteCollection->loadRoutes()
 5 VENDORPATH\phpunit\phpunit\src\TextUI\Application.php(352): include_once('C:\\laragon\\www\\ci\\system\\Test\\bootstrap.php')
 6 VENDORPATH\phpunit\phpunit\src\TextUI\Application.php(122): PHPUnit\TextUI\Application->loadBootstrapScript('C:\\laragon\\www\\ci\\system/Test/bootstrap.php')
 7 VENDORPATH\phpunit\phpunit\phpunit(104): PHPUnit\TextUI\Application->run([...])
 8 VENDORPATH\bin\phpunit(122): include('C:\\laragon\\www\\ci\\vendor\\phpunit\\phpunit\\phpunit')
WARNING - 2026-05-13 17:06:51 --> [DEPRECATED] Passing lowercase HTTP method "get" is deprecated. Use uppercase HTTP method like "GET". in SYSTEMPATH\Router\RouteCollection.php on line 1026.
 1 SYSTEMPATH\Router\RouteCollection.php(1026): trigger_error('Passing lowercase HTTP method "get" is deprecated. Use uppercase HTTP method like "GET".', 16384)
 2 APPPATH\Config\Routes.php(19): CodeIgniter\Router\RouteCollection->match([...], 'familia/(:segment)', 'FamilyPortalController::login/$1')
 3 SYSTEMPATH\Router\RouteCollection.php(339): require('C:\\laragon\\www\\ci\\app\\Config\\Routes.php')
 4 SYSTEMPATH\Test\bootstrap.php(90): CodeIgniter\Router\RouteCollection->loadRoutes()
 5 VENDORPATH\phpunit\phpunit\src\TextUI\Application.php(352): include_once('C:\\laragon\\www\\ci\\system\\Test\\bootstrap.php')
 6 VENDORPATH\phpunit\phpunit\src\TextUI\Application.php(122): PHPUnit\TextUI\Application->loadBootstrapScript('C:\\laragon\\www\\ci\\system/Test/bootstrap.php')
 7 VENDORPATH\phpunit\phpunit\phpunit(104): PHPUnit\TextUI\Application->run([...])
 8 VENDORPATH\bin\phpunit(122): include('C:\\laragon\\www\\ci\\vendor\\phpunit\\phpunit\\phpunit')
WARNING - 2026-05-13 17:06:51 --> [DEPRECATED] Passing lowercase HTTP method "post" is deprecated. Use uppercase HTTP method like "POST". in SYSTEMPATH\Router\RouteCollection.php on line 1026.
 1 SYSTEMPATH\Router\RouteCollection.php(1026): trigger_error('Passing lowercase HTTP method "post" is deprecated. Use uppercase HTTP method like "POST".', 16384)
 2 APPPATH\Config\Routes.php(19): CodeIgniter\Router\RouteCollection->match([...], 'familia/(:segment)', 'FamilyPortalController::login/$1')
 3 SYSTEMPATH\Router\RouteCollection.php(339): require('C:\\laragon\\www\\ci\\app\\Config\\Routes.php')
 4 SYSTEMPATH\Test\bootstrap.php(90): CodeIgniter\Router\RouteCollection->loadRoutes()
 5 VENDORPATH\phpunit\phpunit\src\TextUI\Application.php(352): include_once('C:\\laragon\\www\\ci\\system\\Test\\bootstrap.php')
 6 VENDORPATH\phpunit\phpunit\src\TextUI\Application.php(122): PHPUnit\TextUI\Application->loadBootstrapScript('C:\\laragon\\www\\ci\\system/Test/bootstrap.php')
 7 VENDORPATH\phpunit\phpunit\phpunit(104): PHPUnit\TextUI\Application->run([...])
 8 VENDORPATH\bin\phpunit(122): include('C:\\laragon\\www\\ci\\vendor\\phpunit\\phpunit\\phpunit')
WARNING - 2026-05-13 17:19:17 --> [DEPRECATED] Passing lowercase HTTP method "get" is deprecated. Use uppercase HTTP method like "GET". in SYSTEMPATH\Router\RouteCollection.php on line 1026.
 1 SYSTEMPATH\Router\RouteCollection.php(1026): trigger_error('Passing lowercase HTTP method "get" is deprecated. Use uppercase HTTP method like "GET".', 16384)
 2 APPPATH\Config\Routes.php(19): CodeIgniter\Router\RouteCollection->match([...], 'familia/(:segment)', 'FamilyPortalController::login/$1')
 3 SYSTEMPATH\Router\RouteCollection.php(339): require('C:\\laragon\\www\\ci\\app\\Config\\Routes.php')
 4 SYSTEMPATH\Test\bootstrap.php(90): CodeIgniter\Router\RouteCollection->loadRoutes()
 5 VENDORPATH\phpunit\phpunit\src\TextUI\Application.php(352): include_once('C:\\laragon\\www\\ci\\system\\Test\\bootstrap.php')
 6 VENDORPATH\phpunit\phpunit\src\TextUI\Application.php(122): PHPUnit\TextUI\Application->loadBootstrapScript('C:\\laragon\\www\\ci\\system/Test/bootstrap.php')
 7 VENDORPATH\phpunit\phpunit\phpunit(104): PHPUnit\TextUI\Application->run([...])
 8 VENDORPATH\bin\phpunit(122): include('C:\\laragon\\www\\ci\\vendor\\phpunit\\phpunit\\phpunit')
WARNING - 2026-05-13 17:19:17 --> [DEPRECATED] Passing lowercase HTTP method "post" is deprecated. Use uppercase HTTP method like "POST". in SYSTEMPATH\Router\RouteCollection.php on line 1026.
 1 SYSTEMPATH\Router\RouteCollection.php(1026): trigger_error('Passing lowercase HTTP method "post" is deprecated. Use uppercase HTTP method like "POST".', 16384)
 2 APPPATH\Config\Routes.php(19): CodeIgniter\Router\RouteCollection->match([...], 'familia/(:segment)', 'FamilyPortalController::login/$1')
 3 SYSTEMPATH\Router\RouteCollection.php(339): require('C:\\laragon\\www\\ci\\app\\Config\\Routes.php')
 4 SYSTEMPATH\Test\bootstrap.php(90): CodeIgniter\Router\RouteCollection->loadRoutes()
 5 VENDORPATH\phpunit\phpunit\src\TextUI\Application.php(352): include_once('C:\\laragon\\www\\ci\\system\\Test\\bootstrap.php')
 6 VENDORPATH\phpunit\phpunit\src\TextUI\Application.php(122): PHPUnit\TextUI\Application->loadBootstrapScript('C:\\laragon\\www\\ci\\system/Test/bootstrap.php')
 7 VENDORPATH\phpunit\phpunit\phpunit(104): PHPUnit\TextUI\Application->run([...])
 8 VENDORPATH\bin\phpunit(122): include('C:\\laragon\\www\\ci\\vendor\\phpunit\\phpunit\\phpunit')
WARNING - 2026-05-13 17:20:08 --> [DEPRECATED] Passing lowercase HTTP method "get" is deprecated. Use uppercase HTTP method like "GET". in SYSTEMPATH\Router\RouteCollection.php on line 1026.
 1 SYSTEMPATH\Router\RouteCollection.php(1026): trigger_error('Passing lowercase HTTP method "get" is deprecated. Use uppercase HTTP method like "GET".', 16384)
 2 APPPATH\Config\Routes.php(19): CodeIgniter\Router\RouteCollection->match([...], 'familia/(:segment)', 'FamilyPortalController::login/$1')
 3 SYSTEMPATH\Router\RouteCollection.php(339): require('C:\\laragon\\www\\ci\\app\\Config\\Routes.php')
 4 SYSTEMPATH\Test\bootstrap.php(90): CodeIgniter\Router\RouteCollection->loadRoutes()
 5 VENDORPATH\phpunit\phpunit\src\TextUI\Application.php(352): include_once('C:\\laragon\\www\\ci\\system\\Test\\bootstrap.php')
 6 VENDORPATH\phpunit\phpunit\src\TextUI\Application.php(122): PHPUnit\TextUI\Application->loadBootstrapScript('C:\\laragon\\www\\ci\\system/Test/bootstrap.php')
 7 VENDORPATH\phpunit\phpunit\phpunit(104): PHPUnit\TextUI\Application->run([...])
 8 VENDORPATH\bin\phpunit(122): include('C:\\laragon\\www\\ci\\vendor\\phpunit\\phpunit\\phpunit')
WARNING - 2026-05-13 17:20:08 --> [DEPRECATED] Passing lowercase HTTP method "post" is deprecated. Use uppercase HTTP method like "POST". in SYSTEMPATH\Router\RouteCollection.php on line 1026.
 1 SYSTEMPATH\Router\RouteCollection.php(1026): trigger_error('Passing lowercase HTTP method "post" is deprecated. Use uppercase HTTP method like "POST".', 16384)
 2 APPPATH\Config\Routes.php(19): CodeIgniter\Router\RouteCollection->match([...], 'familia/(:segment)', 'FamilyPortalController::login/$1')
 3 SYSTEMPATH\Router\RouteCollection.php(339): require('C:\\laragon\\www\\ci\\app\\Config\\Routes.php')
 4 SYSTEMPATH\Test\bootstrap.php(90): CodeIgniter\Router\RouteCollection->loadRoutes()
 5 VENDORPATH\phpunit\phpunit\src\TextUI\Application.php(352): include_once('C:\\laragon\\www\\ci\\system\\Test\\bootstrap.php')
 6 VENDORPATH\phpunit\phpunit\src\TextUI\Application.php(122): PHPUnit\TextUI\Application->loadBootstrapScript('C:\\laragon\\www\\ci\\system/Test/bootstrap.php')
 7 VENDORPATH\phpunit\phpunit\phpunit(104): PHPUnit\TextUI\Application->run([...])
 8 VENDORPATH\bin\phpunit(122): include('C:\\laragon\\www\\ci\\vendor\\phpunit\\phpunit\\phpunit')
WARNING - 2026-05-13 18:01:06 --> [DEPRECATED] Passing lowercase HTTP method "get" is deprecated. Use uppercase HTTP method like "GET". in SYSTEMPATH\Router\RouteCollection.php on line 1026.
 1 SYSTEMPATH\Router\RouteCollection.php(1026): trigger_error('Passing lowercase HTTP method "get" is deprecated. Use uppercase HTTP method like "GET".', 16384)
 2 APPPATH\Config\Routes.php(19): CodeIgniter\Router\RouteCollection->match([...], 'familia/(:segment)', 'FamilyPortalController::login/$1')
 3 SYSTEMPATH\Router\RouteCollection.php(339): require('C:\\laragon\\www\\ci\\app\\Config\\Routes.php')
 4 SYSTEMPATH\Test\bootstrap.php(90): CodeIgniter\Router\RouteCollection->loadRoutes()
 5 VENDORPATH\phpunit\phpunit\src\TextUI\Application.php(352): include_once('C:\\laragon\\www\\ci\\system\\Test\\bootstrap.php')
 6 VENDORPATH\phpunit\phpunit\src\TextUI\Application.php(122): PHPUnit\TextUI\Application->loadBootstrapScript('C:\\laragon\\www\\ci\\system/Test/bootstrap.php')
 7 VENDORPATH\phpunit\phpunit\phpunit(104): PHPUnit\TextUI\Application->run([...])
 8 VENDORPATH\bin\phpunit(122): include('C:\\laragon\\www\\ci\\vendor\\phpunit\\phpunit\\phpunit')
WARNING - 2026-05-13 18:01:06 --> [DEPRECATED] Passing lowercase HTTP method "post" is deprecated. Use uppercase HTTP method like "POST". in SYSTEMPATH\Router\RouteCollection.php on line 1026.
 1 SYSTEMPATH\Router\RouteCollection.php(1026): trigger_error('Passing lowercase HTTP method "post" is deprecated. Use uppercase HTTP method like "POST".', 16384)
 2 APPPATH\Config\Routes.php(19): CodeIgniter\Router\RouteCollection->match([...], 'familia/(:segment)', 'FamilyPortalController::login/$1')
 3 SYSTEMPATH\Router\RouteCollection.php(339): require('C:\\laragon\\www\\ci\\app\\Config\\Routes.php')
 4 SYSTEMPATH\Test\bootstrap.php(90): CodeIgniter\Router\RouteCollection->loadRoutes()
 5 VENDORPATH\phpunit\phpunit\src\TextUI\Application.php(352): include_once('C:\\laragon\\www\\ci\\system\\Test\\bootstrap.php')
 6 VENDORPATH\phpunit\phpunit\src\TextUI\Application.php(122): PHPUnit\TextUI\Application->loadBootstrapScript('C:\\laragon\\www\\ci\\system/Test/bootstrap.php')
 7 VENDORPATH\phpunit\phpunit\phpunit(104): PHPUnit\TextUI\Application->run([...])
 8 VENDORPATH\bin\phpunit(122): include('C:\\laragon\\www\\ci\\vendor\\phpunit\\phpunit\\phpunit')
WARNING - 2026-05-13 20:19:56 --> [DEPRECATED] Passing lowercase HTTP method "get" is deprecated. Use uppercase HTTP method like "GET". in SYSTEMPATH\Router\RouteCollection.php on line 1026.
 1 SYSTEMPATH\Router\RouteCollection.php(1026): trigger_error('Passing lowercase HTTP method "get" is deprecated. Use uppercase HTTP method like "GET".', 16384)
 2 APPPATH\Config\Routes.php(19): CodeIgniter\Router\RouteCollection->match([...], 'familia/(:segment)', 'FamilyPortalController::login/$1')
 3 SYSTEMPATH\Router\RouteCollection.php(339): require('C:\\laragon\\www\\ci\\app\\Config\\Routes.php')
 4 SYSTEMPATH\Test\bootstrap.php(90): CodeIgniter\Router\RouteCollection->loadRoutes()
 5 VENDORPATH\phpunit\phpunit\src\TextUI\Application.php(352): include_once('C:\\laragon\\www\\ci\\system\\Test\\bootstrap.php')
 6 VENDORPATH\phpunit\phpunit\src\TextUI\Application.php(122): PHPUnit\TextUI\Application->loadBootstrapScript('C:\\laragon\\www\\ci\\system/Test/bootstrap.php')
 7 VENDORPATH\phpunit\phpunit\phpunit(104): PHPUnit\TextUI\Application->run([...])
 8 VENDORPATH\bin\phpunit(122): include('C:\\laragon\\www\\ci\\vendor\\phpunit\\phpunit\\phpunit')
WARNING - 2026-05-13 20:19:56 --> [DEPRECATED] Passing lowercase HTTP method "post" is deprecated. Use uppercase HTTP method like "POST". in SYSTEMPATH\Router\RouteCollection.php on line 1026.
 1 SYSTEMPATH\Router\RouteCollection.php(1026): trigger_error('Passing lowercase HTTP method "post" is deprecated. Use uppercase HTTP method like "POST".', 16384)
 2 APPPATH\Config\Routes.php(19): CodeIgniter\Router\RouteCollection->match([...], 'familia/(:segment)', 'FamilyPortalController::login/$1')
 3 SYSTEMPATH\Router\RouteCollection.php(339): require('C:\\laragon\\www\\ci\\app\\Config\\Routes.php')
 4 SYSTEMPATH\Test\bootstrap.php(90): CodeIgniter\Router\RouteCollection->loadRoutes()
 5 VENDORPATH\phpunit\phpunit\src\TextUI\Application.php(352): include_once('C:\\laragon\\www\\ci\\system\\Test\\bootstrap.php')
 6 VENDORPATH\phpunit\phpunit\src\TextUI\Application.php(122): PHPUnit\TextUI\Application->loadBootstrapScript('C:\\laragon\\www\\ci\\system/Test/bootstrap.php')
 7 VENDORPATH\phpunit\phpunit\phpunit(104): PHPUnit\TextUI\Application->run([...])
 8 VENDORPATH\bin\phpunit(122): include('C:\\laragon\\www\\ci\\vendor\\phpunit\\phpunit\\phpunit')
